2024-06-07 01:29:19.837 [info] Log level: Info
2024-06-07 01:29:19.838 [info] Validating found git in: "git"
2024-06-07 01:29:19.838 [info] Using git "2.34.1" from "git"
2024-06-07 01:29:19.839 [info] > git rev-parse --show-toplevel [154ms]
2024-06-07 01:29:19.839 [info] fatal: not a git repository (or any of the parent directories): .git
2024-06-07 01:29:19.853 [info] > git rev-parse --show-toplevel [24ms]
2024-06-07 01:29:19.853 [info] fatal: not a git repository (or any of the parent directories): .git
2024-06-07 01:29:19.862 [info] > git rev-parse --show-toplevel [4ms]
2024-06-07 01:29:19.862 [info] fatal: not a git repository (or any of the parent directories): .git
2024-06-07 01:29:19.868 [info] > git rev-parse --show-toplevel [3ms]
2024-06-07 01:29:19.868 [info] fatal: not a git repository (or any of the parent directories): .git
2024-06-07 01:29:19.874 [info] > git rev-parse --show-toplevel [3ms]
2024-06-07 01:29:19.874 [info] fatal: not a git repository (or any of the parent directories): .git
2024-06-07 01:29:19.880 [info] > git rev-parse --show-toplevel [3ms]
2024-06-07 01:29:19.880 [info] fatal: not a git repository (or any of the parent directories): .git
2024-06-07 01:29:19.886 [info] > git rev-parse --show-toplevel [3ms]
2024-06-07 01:29:19.886 [info] fatal: not a git repository (or any of the parent directories): .git
2024-06-07 01:30:01.173 [info] > git rev-parse --show-toplevel [4ms]
2024-06-07 01:30:01.173 [info] fatal: not a git repository (or any of the parent directories): .git
2024-06-07 01:30:42.896 [info] > git rev-parse --show-toplevel [4ms]
2024-06-07 01:30:42.896 [info] fatal: not a git repository (or any of the parent directories): .git
2024-06-07 01:45:21.525 [info] > git rev-parse --show-toplevel [8ms]
2024-06-07 01:45:21.525 [info] fatal: not a git repository (or any of the parent directories): .git
2024-06-07 01:45:22.716 [info] > git rev-parse --show-toplevel [3ms]
2024-06-07 01:45:22.716 [info] fatal: not a git repository (or any of the parent directories): .git
2024-06-07 01:45:23.620 [info] > git rev-parse --show-toplevel [6ms]
2024-06-07 01:45:23.620 [info] fatal: not a git repository (or any of the parent directories): .git
2024-06-07 01:47:10.398 [info] > git rev-parse --show-toplevel [45ms]
2024-06-07 01:47:10.416 [info] fatal: not a git repository (or any of the parent directories): .git
2024-06-07 01:48:11.659 [info] > git rev-parse --show-toplevel [4ms]
2024-06-07 01:48:11.659 [info] fatal: not a git repository (or any of the parent directories): .git
2024-06-07 01:51:21.536 [info] > git rev-parse --show-toplevel [4ms]
2024-06-07 01:51:21.536 [info] fatal: not a git repository (or any of the parent directories): .git
2024-06-07 01:53:32.850 [info] > git rev-parse --show-toplevel [60ms]
2024-06-07 01:53:32.866 [info] fatal: not a git repository (or any of the parent directories): .git
2024-06-07 01:56:44.631 [info] > git rev-parse --show-toplevel [4ms]
2024-06-07 01:56:44.631 [info] fatal: not a git repository (or any of the parent directories): .git
2024-06-07 01:56:46.248 [info] > git rev-parse --show-toplevel [6ms]
2024-06-07 01:56:46.248 [info] fatal: not a git repository (or any of the parent directories): .git
2024-06-07 01:56:46.960 [info] > git rev-parse --show-toplevel [4ms]
2024-06-07 01:56:46.960 [info] fatal: not a git repository (or any of the parent directories): .git
2024-06-07 01:57:30.443 [info] > git rev-parse --show-toplevel [4ms]
2024-06-07 01:57:30.443 [info] fatal: not a git repository (or any of the parent directories): .git
2024-06-07 01:57:38.514 [info] > git rev-parse --show-toplevel [8ms]
2024-06-07 01:57:38.514 [info] fatal: not a git repository (or any of the parent directories): .git
2024-06-07 01:57:41.993 [info] > git rev-parse --show-toplevel [6ms]
2024-06-07 01:57:41.993 [info] fatal: not a git repository (or any of the parent directories): .git
2024-06-07 01:57:50.075 [info] > git rev-parse --show-toplevel [9ms]
2024-06-07 01:57:50.075 [info] fatal: not a git repository (or any of the parent directories): .git
2024-06-07 01:57:51.916 [info] > git rev-parse --show-toplevel [5ms]
2024-06-07 01:57:51.916 [info] fatal: not a git repository (or any of the parent directories): .git
2024-06-07 01:58:12.726 [info] > git rev-parse --show-toplevel [3ms]
2024-06-07 01:58:12.726 [info] fatal: not a git repository (or any of the parent directories): .git
2024-06-07 02:02:59.943 [info] > git rev-parse --show-toplevel [11071ms]
2024-06-07 02:03:00.143 [info] fatal: not a git repository (or any of the parent directories): .git
2024-06-07 02:03:02.563 [info] > git rev-parse --show-toplevel [879ms]
2024-06-07 02:03:02.563 [info] fatal: not a git repository (or any of the parent directories): .git
2024-06-07 02:03:02.751 [info] > git rev-parse --show-toplevel [3ms]
2024-06-07 02:03:02.751 [info] fatal: not a git repository (or any of the parent directories): .git
2024-06-07 02:03:08.925 [info] > git rev-parse --show-toplevel [5ms]
2024-06-07 02:03:08.925 [info] fatal: not a git repository (or any of the parent directories): .git
2024-06-07 02:03:10.503 [info] > git rev-parse --show-toplevel [61ms]
2024-06-07 02:03:10.503 [info] fatal: not a git repository (or any of the parent directories): .git
2024-06-07 02:03:13.283 [info] > git rev-parse --show-toplevel [153ms]
2024-06-07 02:03:13.283 [info] fatal: not a git repository (or any of the parent directories): .git
2024-06-07 02:03:39.693 [info] > git rev-parse --show-toplevel [619ms]
2024-06-07 02:03:39.709 [info] fatal: not a git repository (or any of the parent directories): .git
2024-06-07 02:03:53.975 [info] > git rev-parse --show-toplevel [17ms]
2024-06-07 02:03:53.975 [info] fatal: not a git repository (or any of the parent directories): .git
2024-06-07 02:04:00.785 [info] > git rev-parse --show-toplevel [83ms]
2024-06-07 02:04:00.785 [info] fatal: not a git repository (or any of the parent directories): .git
2024-06-07 02:04:02.900 [info] > git rev-parse --show-toplevel [8ms]
2024-06-07 02:04:02.901 [info] fatal: not a git repository (or any of the parent directories): .git
2024-06-07 02:04:35.945 [info] > git rev-parse --show-toplevel [7ms]
2024-06-07 02:04:35.965 [info] fatal: not a git repository (or any of the parent directories): .git
2024-06-07 02:04:37.728 [info] > git rev-parse --show-toplevel [8ms]
2024-06-07 02:04:37.728 [info] fatal: not a git repository (or any of the parent directories): .git
2024-06-07 02:05:53.841 [info] > git rev-parse --show-toplevel [8ms]
2024-06-07 02:05:53.841 [info] fatal: not a git repository (or any of the parent directories): .git
2024-06-07 02:06:27.712 [info] > git rev-parse --show-toplevel [16ms]
2024-06-07 02:06:27.717 [info] fatal: not a git repository (or any of the parent directories): .git
2024-06-07 02:06:29.261 [info] > git rev-parse --show-toplevel [39ms]
2024-06-07 02:06:29.261 [info] fatal: not a git repository (or any of the parent directories): .git
2024-06-07 02:09:28.575 [info] > git rev-parse --show-toplevel [57ms]
2024-06-07 02:09:28.581 [info] fatal: not a git repository (or any of the parent directories): .git
2024-06-07 02:09:57.527 [info] > git rev-parse --show-toplevel [7ms]
2024-06-07 02:09:57.527 [info] fatal: not a git repository (or any of the parent directories): .git
2024-06-07 02:10:12.025 [info] > git rev-parse --show-toplevel [4ms]
2024-06-07 02:10:12.025 [info] fatal: not a git repository (or any of the parent directories): .git
2024-06-07 02:10:20.621 [info] > git rev-parse --show-toplevel [2ms]
2024-06-07 02:10:20.621 [info] fatal: not a git repository (or any of the parent directories): .git
2024-06-07 02:10:24.148 [info] > git rev-parse --show-toplevel [5ms]
2024-06-07 02:10:24.148 [info] fatal: not a git repository (or any of the parent directories): .git
2024-06-07 02:10:28.611 [info] > git rev-parse --show-toplevel [3ms]
2024-06-07 02:10:28.611 [info] fatal: not a git repository (or any of the parent directories): .git
2024-06-07 02:10:29.556 [info] > git rev-parse --show-toplevel [5ms]
2024-06-07 02:10:29.556 [info] fatal: not a git repository (or any of the parent directories): .git
2024-06-07 02:10:36.743 [info] > git rev-parse --show-toplevel [15ms]
2024-06-07 02:10:36.743 [info] fatal: not a git repository (or any of the parent directories): .git
2024-06-07 02:13:46.960 [info] > git rev-parse --show-toplevel [33ms]
2024-06-07 02:13:46.967 [info] fatal: not a git repository (or any of the parent directories): .git
2024-06-07 02:13:58.924 [info] > git rev-parse --show-toplevel [4ms]
2024-06-07 02:13:58.924 [info] fatal: not a git repository (or any of the parent directories): .git
2024-06-07 02:27:42.929 [info] > git rev-parse --show-toplevel [146ms]
2024-06-07 02:27:42.962 [info] fatal: not a git repository (or any of the parent directories): .git
2024-06-07 02:28:14.373 [info] > git rev-parse --show-toplevel [14ms]
2024-06-07 02:28:14.373 [info] fatal: not a git repository (or any of the parent directories): .git
2024-06-07 02:28:15.061 [info] > git rev-parse --show-toplevel [3ms]
2024-06-07 02:28:15.061 [info] fatal: not a git repository (or any of the parent directories): .git
2024-06-07 02:28:16.366 [info] > git rev-parse --show-toplevel [11ms]
2024-06-07 02:28:16.366 [info] fatal: not a git repository (or any of the parent directories): .git
2024-06-07 02:28:22.344 [info] > git rev-parse --show-toplevel [4ms]
2024-06-07 02:28:22.344 [info] fatal: not a git repository (or any of the parent directories): .git
2024-06-07 02:28:25.877 [info] > git rev-parse --show-toplevel [172ms]
2024-06-07 02:28:25.877 [info] fatal: not a git repository (or any of the parent directories): .git
2024-06-07 02:28:26.937 [info] > git rev-parse --show-toplevel [3ms]
2024-06-07 02:28:26.937 [info] fatal: not a git repository (or any of the parent directories): .git
2024-06-07 02:28:34.866 [info] > git rev-parse --show-toplevel [3ms]
2024-06-07 02:28:34.866 [info] fatal: not a git repository (or any of the parent directories): .git
2024-06-07 02:28:37.049 [info] > git rev-parse --show-toplevel [3ms]
2024-06-07 02:28:37.049 [info] fatal: not a git repository (or any of the parent directories): .git
2024-06-07 02:28:38.453 [info] > git rev-parse --show-toplevel [16ms]
2024-06-07 02:28:38.453 [info] fatal: not a git repository (or any of the parent directories): .git
2024-06-07 02:28:40.040 [info] > git rev-parse --show-toplevel [32ms]
2024-06-07 02:28:40.040 [info] fatal: not a git repository (or any of the parent directories): .git
2024-06-07 02:28:43.382 [info] > git rev-parse --show-toplevel [4ms]
2024-06-07 02:28:43.382 [info] fatal: not a git repository (or any of the parent directories): .git
2024-06-07 02:28:45.027 [info] > git rev-parse --show-toplevel [10ms]
2024-06-07 02:28:45.027 [info] fatal: not a git repository (or any of the parent directories): .git
2024-06-07 02:30:34.643 [info] > git rev-parse --show-toplevel [31ms]
2024-06-07 02:30:34.643 [info] fatal: not a git repository (or any of the parent directories): .git
2024-06-07 02:30:39.620 [info] > git rev-parse --show-toplevel [3ms]
2024-06-07 02:30:39.620 [info] fatal: not a git repository (or any of the parent directories): .git
2024-06-07 02:30:44.140 [info] > git rev-parse --show-toplevel [3ms]
2024-06-07 02:30:44.140 [info] fatal: not a git repository (or any of the parent directories): .git
2024-06-07 02:30:46.560 [info] > git rev-parse --show-toplevel [3ms]
2024-06-07 02:30:46.560 [info] fatal: not a git repository (or any of the parent directories): .git
2024-06-07 02:30:51.788 [info] > git rev-parse --show-toplevel [82ms]
2024-06-07 02:30:51.789 [info] fatal: not a git repository (or any of the parent directories): .git
2024-06-07 02:31:03.625 [info] > git rev-parse --show-toplevel [3ms]
2024-06-07 02:31:03.625 [info] fatal: not a git repository (or any of the parent directories): .git
2024-06-07 02:31:11.022 [info] > git rev-parse --show-toplevel [2ms]
2024-06-07 02:31:11.022 [info] fatal: not a git repository (or any of the parent directories): .git
2024-06-07 02:42:02.119 [info] > git rev-parse --show-toplevel [681ms]
2024-06-07 02:42:02.158 [info] fatal: not a git repository (or any of the parent directories): .git
2024-06-07 02:42:20.982 [info] > git rev-parse --show-toplevel [1ms]
2024-06-07 02:42:20.982 [info] fatal: not a git repository (or any of the parent directories): .git
2024-06-07 02:42:29.119 [info] > git rev-parse --show-toplevel [0ms]
2024-06-07 02:42:29.121 [info] fatal: not a git repository (or any of the parent directories): .git
2024-06-07 02:42:32.164 [info] > git rev-parse --show-toplevel [40ms]
2024-06-07 02:42:32.164 [info] fatal: not a git repository (or any of the parent directories): .git
2024-06-07 02:42:39.823 [info] > git rev-parse --show-toplevel [71ms]
2024-06-07 02:42:39.823 [info] fatal: not a git repository (or any of the parent directories): .git
2024-06-07 02:42:40.174 [info] > git rev-parse --show-toplevel [3ms]
2024-06-07 02:42:40.174 [info] fatal: not a git repository (or any of the parent directories): .git
2024-06-07 02:43:01.558 [info] > git rev-parse --show-toplevel [31ms]
2024-06-07 02:43:01.558 [info] fatal: not a git repository (or any of the parent directories): .git
2024-06-07 02:43:12.735 [info] > git rev-parse --show-toplevel [4ms]
2024-06-07 02:43:12.735 [info] fatal: not a git repository (or any of the parent directories): .git
2024-06-07 02:43:14.287 [info] > git rev-parse --show-toplevel [129ms]
2024-06-07 02:43:14.287 [info] fatal: not a git repository (or any of the parent directories): .git
2024-06-07 02:43:14.810 [info] > git rev-parse --show-toplevel [3ms]
2024-06-07 02:43:14.810 [info] fatal: not a git repository (or any of the parent directories): .git
2024-06-07 02:43:15.734 [info] > git rev-parse --show-toplevel [10ms]
2024-06-07 02:43:15.734 [info] fatal: not a git repository (or any of the parent directories): .git
2024-06-07 02:43:21.752 [info] > git rev-parse --show-toplevel [137ms]
2024-06-07 02:43:21.752 [info] fatal: not a git repository (or any of the parent directories): .git
2024-06-07 02:43:30.746 [info] > git rev-parse --show-toplevel [10ms]
2024-06-07 02:43:30.746 [info] fatal: not a git repository (or any of the parent directories): .git
2024-06-07 02:45:25.378 [info] > git rev-parse --show-toplevel [3ms]
2024-06-07 02:45:25.378 [info] fatal: not a git repository (or any of the parent directories): .git
2024-06-07 02:45:27.163 [info] > git rev-parse --show-toplevel [4ms]
2024-06-07 02:45:27.163 [info] fatal: not a git repository (or any of the parent directories): .git
2024-06-07 02:45:28.129 [info] > git rev-parse --show-toplevel [15ms]
2024-06-07 02:45:28.129 [info] fatal: not a git repository (or any of the parent directories): .git
2024-06-07 02:46:04.364 [info] > git rev-parse --show-toplevel [3ms]
2024-06-07 02:46:04.364 [info] fatal: not a git repository (or any of the parent directories): .git
2024-06-07 02:46:05.038 [info] > git rev-parse --show-toplevel [3ms]
2024-06-07 02:46:05.038 [info] fatal: not a git repository (or any of the parent directories): .git
2024-06-07 02:46:05.783 [info] > git rev-parse --show-toplevel [4ms]
2024-06-07 02:46:05.783 [info] fatal: not a git repository (or any of the parent directories): .git
2024-06-07 03:01:24.560 [info] > git rev-parse --show-toplevel [1ms]
2024-06-07 03:01:24.613 [info] fatal: not a git repository (or any of the parent directories): .git
2024-06-07 03:15:04.552 [info] > git rev-parse --show-toplevel [1120ms]
2024-06-07 03:15:04.619 [info] fatal: not a git repository (or any of the parent directories): .git
2024-06-07 03:15:07.815 [info] > git rev-parse --show-toplevel [3ms]
2024-06-07 03:15:07.815 [info] fatal: not a git repository (or any of the parent directories): .git
2024-06-07 03:15:12.274 [info] > git rev-parse --show-toplevel [3ms]
2024-06-07 03:15:12.274 [info] fatal: not a git repository (or any of the parent directories): .git
